<?xml version="1.0" encoding="UTF-8" ?>
<testsuite failures="0" time="0.749" errors="1" skipped="0" tests="12" name="com.example.shdemo.service.CaloscManagerTest">
  <properties>
[...]
</properties>
  <testcase time="0.112" classname="com.example.shdemo.service.CaloscManagerTest" name="createTrumna"/>
  <testcase time="0.039" classname="com.example.shdemo.service.CaloscManagerTest" name="readTrumna"/>
  <testcase time="0.073" classname="com.example.shdemo.service.CaloscManagerTest" name="deleteTrumna"/>
  <testcase time="0.075" classname="com.example.shdemo.service.CaloscManagerTest" name="updateTrumna"/>
  <testcase time="0.017" classname="com.example.shdemo.service.CaloscManagerTest" name="createGrabarz"/>
  <testcase time="0.021" classname="com.example.shdemo.service.CaloscManagerTest" name="getGrabarzId"/>
  <testcase time="0.044" classname="com.example.shdemo.service.CaloscManagerTest" name="readGrabarz"/>
  <testcase time="0.117" classname="com.example.shdemo.service.CaloscManagerTest" name="deleteGrabarz"/>
  <testcase time="0.101" classname="com.example.shdemo.service.CaloscManagerTest" name="updateGrabarz"/>
  <testcase time="0.048" classname="com.example.shdemo.service.CaloscManagerTest" name="dodajTrumneDoGrabarza"/>
  <testcase time="0.05" classname="com.example.shdemo.service.CaloscManagerTest" name="sprawdzenieIlosci">
    <error message="Could not execute JDBC batch update; SQL [insert into Grabarz_Trumna (Grabarz_id, listaTrumien_id) values (?, ?)]; constraint [SYS_CT_10037]; nested exception is org.hibernate.exception.ConstraintViolationException: Could not execute JDBC batch update" type="org.springframework.dao.DataIntegrityViolationException">org.springframework.dao.DataIntegrityViolationException: Could not execute JDBC batch update; SQL [insert into Grabarz_Trumna (Grabarz_id, listaTrumien_id) values (?, ?)]; constraint [SYS_CT_10037]; nested exception is org.hibernate.exception.ConstraintViolationException: Could not execute JDBC batch update
	at org.springframework.orm.hibernate3.SessionFactoryUtils.convertHibernateAccessException(SessionFactoryUtils.java:637)
	at org.springframework.orm.hibernate3.HibernateTransactionManager.convertHibernateAccessException(HibernateTransactionManager.java:793)
	at org.springframework.orm.hibernate3.HibernateTransactionManager.doCommit(HibernateTransactionManager.java:664)
	at org.springframework.transaction.support.AbstractPlatformTransactionManager.processCommit(AbstractPlatformTransactionManager.java:754)
	at org.springframework.transaction.support.AbstractPlatformTransactionManager.commit(AbstractPlatformTransactionManager.java:723)
	at org.springframework.test.context.transaction.TransactionalTestExecutionListener$TransactionContext.endTransaction(TransactionalTestExecutionListener.java:515)
	at org.springframework.test.context.transaction.TransactionalTestExecutionListener.endTransaction(TransactionalTestExecutionListener.java:290)
	at org.springframework.test.context.transaction.TransactionalTestExecutionListener.afterTestMethod(TransactionalTestExecutionListener.java:183)
	at org.springframework.test.context.TestContextManager.afterTestMethod(TestContextManager.java:406)
	at org.springframework.test.context.junit4.statements.RunAfterTestMethodCallbacks.evaluate(RunAfterTestMethodCallbacks.java:90)
	at org.springframework.test.context.junit4.statements.SpringRepeat.evaluate(SpringRepeat.java:72)
	at org.springframework.test.context.junit4.SpringJUnit4ClassRunner.runChild(SpringJUnit4ClassRunner.java:231)
	at org.junit.runners.BlockJUnit4ClassRunner.runChild(BlockJUnit4ClassRunner.java:48)
	at org.junit.runners.ParentRunner$3.run(ParentRunner.java:231)
	at org.junit.runners.ParentRunner$1.schedule(ParentRunner.java:60)
	at org.junit.runners.ParentRunner.runChildren(ParentRunner.java:229)
	at org.junit.runners.ParentRunner.access$000(ParentRunner.java:50)
	at org.junit.runners.ParentRunner$2.evaluate(ParentRunner.java:222)
	at org.springframework.test.context.junit4.statements.RunBeforeTestClassCallbacks.evaluate(RunBeforeTestClassCallbacks.java:61)
	at org.springframework.test.context.junit4.statements.RunAfterTestClassCallbacks.evaluate(RunAfterTestClassCallbacks.java:70)
	at org.junit.runners.ParentRunner.run(ParentRunner.java:292)
	at org.springframework.test.context.junit4.SpringJUnit4ClassRunner.run(SpringJUnit4ClassRunner.java:174)
	at org.apache.maven.surefire.junit4.JUnit4Provider.execute(JUnit4Provider.java:252)
	at org.apache.maven.surefire.junit4.JUnit4Provider.executeTestSet(JUnit4Provider.java:141)
	at org.apache.maven.surefire.junit4.JUnit4Provider.invoke(JUnit4Provider.java:112)
	at sun.reflect.NativeMethodAccessorImpl.invoke0(Native Method)
	at sun.reflect.NativeMethodAccessorImpl.invoke(NativeMethodAccessorImpl.java:57)
	at sun.reflect.DelegatingMethodAccessorImpl.invoke(DelegatingMethodAccessorImpl.java:43)
	at java.lang.reflect.Method.invoke(Method.java:606)
	at org.apache.maven.surefire.util.ReflectionUtils.invokeMethodWithArray(ReflectionUtils.java:189)
	at org.apache.maven.surefire.booter.ProviderFactory$ProviderProxy.invoke(ProviderFactory.java:165)
	at org.apache.maven.surefire.booter.ProviderFactory.invokeProvider(ProviderFactory.java:85)
	at org.apache.maven.surefire.booter.ForkedBooter.runSuitesInProcess(ForkedBooter.java:115)
	at org.apache.maven.surefire.booter.ForkedBooter.main(ForkedBooter.java:75)
Caused by: org.hibernate.exception.ConstraintViolationException: Could not execute JDBC batch update
	at org.hibernate.exception.SQLStateConverter.convert(SQLStateConverter.java:96)
	at org.hibernate.exception.JDBCExceptionHelper.convert(JDBCExceptionHelper.java:66)
	at org.hibernate.jdbc.AbstractBatcher.executeBatch(AbstractBatcher.java:275)
	at org.hibernate.engine.ActionQueue.executeActions(ActionQueue.java:268)
	at org.hibernate.engine.ActionQueue.executeActions(ActionQueue.java:188)
	at org.hibernate.event.def.AbstractFlushingEventListener.performExecutions(AbstractFlushingEventListener.java:321)
	at org.hibernate.event.def.DefaultFlushEventListener.onFlush(DefaultFlushEventListener.java:51)
	at org.hibernate.impl.SessionImpl.flush(SessionImpl.java:1216)
	at org.hibernate.impl.SessionImpl.managedFlush(SessionImpl.java:383)
	at org.hibernate.transaction.JDBCTransaction.commit(JDBCTransaction.java:133)
	at org.springframework.orm.hibernate3.HibernateTransactionManager.doCommit(HibernateTransactionManager.java:656)
	... 31 more
Caused by: java.sql.BatchUpdateException: integrity constraint violation: unique constraint or index violation; SYS_CT_10037 table: GRABARZ_TRUMNA
	at org.hsqldb.jdbc.JDBCPreparedStatement.executeBatch(Unknown Source)
	at org.apache.commons.dbcp.DelegatingStatement.executeBatch(DelegatingStatement.java:297)
	at org.apache.commons.dbcp.DelegatingStatement.executeBatch(DelegatingStatement.java:297)
	at org.hibernate.jdbc.BatchingBatcher.doExecuteBatch(BatchingBatcher.java:70)
	at org.hibernate.jdbc.AbstractBatcher.executeBatch(AbstractBatcher.java:268)
	... 39 more
</error>
    <system-out>Hibernate: insert into Trumna (id, gatunek_drewna, nazwa) values (default, ?, ?)
Hibernate: insert into Trumna (id, gatunek_drewna, nazwa) values (default, ?, ?)
Hibernate: insert into Trumna (id, gatunek_drewna, nazwa) values (default, ?, ?)
Hibernate: insert into Grabarz (id, imie, nazwisko) values (default, ?, ?)
Hibernate: insert into Grabarz (id, imie, nazwisko) values (default, ?, ?)
Hibernate: insert into Grabarz (id, imie, nazwisko) values (default, ?, ?)
Hibernate: insert into Grabarz (id, imie, nazwisko) values (default, ?, ?)
Hibernate: insert into Trumna (id, gatunek_drewna, nazwa) values (default, ?, ?)
Hibernate: insert into Grabarz_Trumna (Grabarz_id, listaTrumien_id) values (?, ?)
Hibernate: insert into Grabarz_Trumna (Grabarz_id, listaTrumien_id) values (?, ?)
2013-12-15 22:17:25,274 WARN  [JDBCExceptionReporter]  - SQL Error: -104, SQLState: 23505
2013-12-15 22:17:25,274 ERROR [JDBCExceptionReporter]  - integrity constraint violation: unique constraint or index violation; SYS_CT_10037 table: GRABARZ_TRUMNA
</system-out>
  </testcase>
  <testcase time="0.052" classname="com.example.shdemo.service.CaloscManagerTest" name="getId"/>
</testsuite>